<?xml version="1.0" encoding="UTF-8"?>
<!-- Generated by org.testng.reporters.JUnitReportReporter -->
<testsuite skipped="0" hostname="TECHNO-PC-043" name="com.salesforce.testCases.TC_LoginTest_01" tests="2" failures="0" timestamp="18 Sep 2019 14:01:24 GMT" time="2.828" errors="0">
  <testcase name="loginApp1" time="0.094" classname="com.salesforce.testCases.TC_LoginTest_01"/>
  <testcase name="loginApp" time="2.734" classname="com.salesforce.testCases.TC_LoginTest_01"/>
</testsuite> <!-- com.salesforce.testCases.TC_LoginTest_01 -->
